app/build/intermediates/manifest_merge_blame_file/debug/manifest-merger-blame-debug-report.txt
1<?xml version="1.0" encoding="utf-8"?>
2<manifest xmlns:android="http://schemas.android.com/apk/res/android"
3    package="com.xn1ch1.qrscavengerhunt"
4    android:installLocation="auto"
5    android:versionCode="1"
6    android:versionName="1.0" >
7
8    <uses-sdk
9        android:minSdkVersion="26"
9-->src\main\AndroidManifest.xml
10        android:targetSdkVersion="30" />
10-->src\main\AndroidManifest.xml
11
12    <uses-feature android:name="android.hardware.camera" />
12-->src\main\AndroidManifest.xml:7:5-60
12-->src\main\AndroidManifest.xml:7:19-57
13    <uses-feature android:name="android.hardware.camera.autofocus" />
13-->src\main\AndroidManifest.xml:8:5-70
13-->src\main\AndroidManifest.xml:8:19-67
14
15    <uses-permission
15-->src\main\AndroidManifest.xml:10:5-12:35
16        android:name="android.permission.CAMERA"
16-->src\main\AndroidManifest.xml:11:9-49
17        android:required="true" />
17-->src\main\AndroidManifest.xml:12:9-32
18
19    <application
19-->src\main\AndroidManifest.xml:14:5-57:19
20        android:name="com.xn1ch1.qrscavengerhunt.App"
20-->src\main\AndroidManifest.xml:15:9-28
21        android:allowBackup="false"
21-->src\main\AndroidManifest.xml:16:9-36
22        android:appComponentFactory="androidx.core.app.CoreComponentFactory"
22-->[androidx.core:core:1.3.2] AndroidManifest.xml:24:18-86
23        android:debuggable="true"
24        android:extractNativeLibs="false"
25        android:fullBackupContent="false"
25-->src\main\AndroidManifest.xml:17:9-42
26        android:icon="@mipmap/ic_launcher"
26-->src\main\AndroidManifest.xml:18:9-43
27        android:label="@string/appName"
27-->src\main\AndroidManifest.xml:19:9-40
28        android:roundIcon="@mipmap/ic_launcher_round"
28-->src\main\AndroidManifest.xml:20:9-54
29        android:supportsRtl="true"
29-->src\main\AndroidManifest.xml:21:9-35
30        android:testOnly="true"
31        android:theme="@style/appTheme"
31-->src\main\AndroidManifest.xml:22:9-40
32        android:windowSoftInputMode="adjustNothing" >
32-->src\main\AndroidManifest.xml:24:9-52
33        <meta-data
33-->src\main\AndroidManifest.xml:26:9-28:57
34            android:name="preloaded_fonts"
34-->src\main\AndroidManifest.xml:27:13-43
35            android:resource="@array/preloaded_fonts" />
35-->src\main\AndroidManifest.xml:28:13-54
36
37        <activity
37-->src\main\AndroidManifest.xml:30:9-33:51
38            android:name="com.xn1ch1.qrscavengerhunt.ActivitySetClues"
38-->src\main\AndroidManifest.xml:31:13-45
39            android:label="Define Clues"
39-->src\main\AndroidManifest.xml:32:13-41
40            android:screenOrientation="portrait" />
40-->src\main\AndroidManifest.xml:33:13-49
41        <activity
41-->src\main\AndroidManifest.xml:35:9-38:51
42            android:name="com.xn1ch1.qrscavengerhunt.ActivityScanCode"
42-->src\main\AndroidManifest.xml:36:13-45
43            android:label="Scan Barcode"
43-->src\main\AndroidManifest.xml:37:13-41
44            android:screenOrientation="portrait" />
44-->src\main\AndroidManifest.xml:38:13-49
45        <activity
45-->src\main\AndroidManifest.xml:40:9-43:52
46            android:name="com.xn1ch1.qrscavengerhunt.ActivityHunt"
46-->src\main\AndroidManifest.xml:41:13-41
47            android:label="Hunt Clues"
47-->src\main\AndroidManifest.xml:42:13-39
48            android:screenOrientation="portrait" />
48-->src\main\AndroidManifest.xml:43:13-49
49        <activity
49-->src\main\AndroidManifest.xml:45:9-55:20
50            android:name="com.xn1ch1.qrscavengerhunt.ActivityHome"
50-->src\main\AndroidManifest.xml:46:13-41
51            android:configChanges="orientation|keyboardHidden|screenSize"
51-->src\main\AndroidManifest.xml:47:13-74
52            android:label="@string/appName"
52-->src\main\AndroidManifest.xml:48:13-44
53            android:screenOrientation="portrait" >
53-->src\main\AndroidManifest.xml:49:13-49
54            <intent-filter>
54-->src\main\AndroidManifest.xml:50:13-54:29
55                <action android:name="android.intent.action.MAIN" />
55-->src\main\AndroidManifest.xml:51:17-69
55-->src\main\AndroidManifest.xml:51:25-66
56
57                <category android:name="android.intent.category.LAUNCHER" />
57-->src\main\AndroidManifest.xml:53:17-77
57-->src\main\AndroidManifest.xml:53:27-74
58            </intent-filter>
59        </activity>
60
61        <uses-library
61-->[androidx.camera:camera-extensions:1.0.0-alpha18] AndroidManifest.xml:25:9-27:40
62            android:name="androidx.camera.extensions.impl"
62-->[androidx.camera:camera-extensions:1.0.0-alpha18] AndroidManifest.xml:26:13-59
63            android:required="false" />
63-->[androidx.camera:camera-extensions:1.0.0-alpha18] AndroidManifest.xml:27:13-37
64
65        <service
65-->[com.google.android.gms:play-services-mlkit-barcode-scanning:16.1.2] AndroidManifest.xml:9:9-15:19
66            android:name="com.google.mlkit.common.internal.MlKitComponentDiscoveryService"
66-->[com.google.android.gms:play-services-mlkit-barcode-scanning:16.1.2] AndroidManifest.xml:10:13-91
67            android:directBootAware="true"
67-->[com.google.mlkit:common:17.0.0] AndroidManifest.xml:17:13-43
68            android:exported="false" >
68-->[com.google.android.gms:play-services-mlkit-barcode-scanning:16.1.2] AndroidManifest.xml:11:13-37
69            <meta-data
69-->[com.google.android.gms:play-services-mlkit-barcode-scanning:16.1.2] AndroidManifest.xml:12:13-14:85
70                android:name="com.google.firebase.components:com.google.mlkit.vision.barcode.internal.BarcodeRegistrar"
70-->[com.google.android.gms:play-services-mlkit-barcode-scanning:16.1.2] AndroidManifest.xml:13:17-120
71                android:value="com.google.firebase.components.ComponentRegistrar" />
71-->[com.google.android.gms:play-services-mlkit-barcode-scanning:16.1.2] AndroidManifest.xml:14:17-82
72            <meta-data
72-->[com.google.mlkit:vision-common:16.1.0] AndroidManifest.xml:12:13-14:85
73                android:name="com.google.firebase.components:com.google.mlkit.vision.common.internal.VisionCommonRegistrar"
73-->[com.google.mlkit:vision-common:16.1.0] AndroidManifest.xml:13:17-124
74                android:value="com.google.firebase.components.ComponentRegistrar" />
74-->[com.google.mlkit:vision-common:16.1.0] AndroidManifest.xml:14:17-82
75            <meta-data
75-->[com.google.mlkit:common:17.0.0] AndroidManifest.xml:20:13-22:85
76                android:name="com.google.firebase.components:com.google.mlkit.common.internal.CommonComponentRegistrar"
76-->[com.google.mlkit:common:17.0.0] AndroidManifest.xml:21:17-120
77                android:value="com.google.firebase.components.ComponentRegistrar" />
77-->[com.google.mlkit:common:17.0.0] AndroidManifest.xml:22:17-82
78        </service>
79
80        <provider
80-->[com.google.mlkit:common:17.0.0] AndroidManifest.xml:9:9-13:38
81            android:name="com.google.mlkit.common.internal.MlKitInitProvider"
81-->[com.google.mlkit:common:17.0.0] AndroidManifest.xml:10:13-78
82            android:authorities="com.xn1ch1.qrscavengerhunt.mlkitinitprovider"
82-->[com.google.mlkit:common:17.0.0] AndroidManifest.xml:11:13-69
83            android:exported="false"
83-->[com.google.mlkit:common:17.0.0] AndroidManifest.xml:12:13-37
84            android:initOrder="99" />
84-->[com.google.mlkit:common:17.0.0] AndroidManifest.xml:13:13-35
85
86        <activity
86-->[com.google.android.gms:play-services-base:17.0.0] AndroidManifest.xml:23:9-26:75
87            android:name="com.google.android.gms.common.api.GoogleApiActivity"
87-->[com.google.android.gms:play-services-base:17.0.0] AndroidManifest.xml:24:13-79
88            android:exported="false"
88-->[com.google.android.gms:play-services-base:17.0.0] AndroidManifest.xml:25:13-37
89            android:theme="@android:style/Theme.Translucent.NoTitleBar" />
89-->[com.google.android.gms:play-services-base:17.0.0] AndroidManifest.xml:26:13-72
90
91        <meta-data
91-->[com.google.android.gms:play-services-basement:17.0.0] AndroidManifest.xml:23:9-25:69
92            android:name="com.google.android.gms.version"
92-->[com.google.android.gms:play-services-basement:17.0.0] AndroidManifest.xml:24:13-58
93            android:value="@integer/google_play_services_version" />
93-->[com.google.android.gms:play-services-basement:17.0.0] AndroidManifest.xml:25:13-66
94    </application>
95
96</manifest>